<?xml version="1.0" encoding="UTF-8"?>
<testsuite xmlns:xsi="http://www.w3.org/2001/XMLSchema-instance" xsi:noNamespaceSchemaLocation="https://maven.apache.org/surefire/maven-surefire-plugin/xsd/surefire-test-report.xsd" version="3.0.1" name="uva.tds.base.UsuarioTest" time="0.046" tests="26" errors="0" skipped="0" failures="0">
  <properties>
    <property name="java.specification.version" value="17"/>
    <property name="sun.cpu.isalist" value="amd64"/>
    <property name="sun.jnu.encoding" value="Cp1252"/>
    <property name="java.class.path" value="C:\Users\dedie\Documents\TDS\PracticaFinal\tds_practica_grupo4\practica-grupo4\target\test-classes;C:\Users\dedie\Documents\TDS\PracticaFinal\tds_practica_grupo4\practica-grupo4\target\classes;C:\Users\dedie\.m2\repository\org\hibernate\hibernate-core\5.6.5.Final\hibernate-core-5.6.5.Final.jar;C:\Users\dedie\.m2\repository\org\jboss\logging\jboss-logging\3.4.3.Final\jboss-logging-3.4.3.Final.jar;C:\Users\dedie\.m2\repository\javax\persistence\javax.persistence-api\2.2\javax.persistence-api-2.2.jar;C:\Users\dedie\.m2\repository\net\bytebuddy\byte-buddy\1.12.7\byte-buddy-1.12.7.jar;C:\Users\dedie\.m2\repository\antlr\antlr\2.7.7\antlr-2.7.7.jar;C:\Users\dedie\.m2\repository\org\jboss\spec\javax\transaction\jboss-transaction-api_1.2_spec\1.1.1.Final\jboss-transaction-api_1.2_spec-1.1.1.Final.jar;C:\Users\dedie\.m2\repository\org\jboss\jandex\2.4.2.Final\jandex-2.4.2.Final.jar;C:\Users\dedie\.m2\repository\com\fasterxml\classmate\1.5.1\classmate-1.5.1.jar;C:\Users\dedie\.m2\repository\javax\activation\javax.activation-api\1.2.0\javax.activation-api-1.2.0.jar;C:\Users\dedie\.m2\repository\org\hibernate\common\hibernate-commons-annotations\5.1.2.Final\hibernate-commons-annotations-5.1.2.Final.jar;C:\Users\dedie\.m2\repository\javax\xml\bind\jaxb-api\2.3.1\jaxb-api-2.3.1.jar;C:\Users\dedie\.m2\repository\org\glassfish\jaxb\jaxb-runtime\2.3.1\jaxb-runtime-2.3.1.jar;C:\Users\dedie\.m2\repository\org\glassfish\jaxb\txw2\2.3.1\txw2-2.3.1.jar;C:\Users\dedie\.m2\repository\com\sun\istack\istack-commons-runtime\3.0.7\istack-commons-runtime-3.0.7.jar;C:\Users\dedie\.m2\repository\org\jvnet\staxex\stax-ex\1.8\stax-ex-1.8.jar;C:\Users\dedie\.m2\repository\com\sun\xml\fastinfoset\FastInfoset\1.2.15\FastInfoset-1.2.15.jar;C:\Users\dedie\.m2\repository\org\hsqldb\hsqldb\2.7.4\hsqldb-2.7.4.jar;C:\Users\dedie\.m2\repository\org\junit\jupiter\junit-jupiter-api\5.11.0\junit-jupiter-api-5.11.0.jar;C:\Users\dedie\.m2\repository\org\opentest4j\opentest4j\1.3.0\opentest4j-1.3.0.jar;C:\Users\dedie\.m2\repository\org\junit\platform\junit-platform-commons\1.11.0\junit-platform-commons-1.11.0.jar;C:\Users\dedie\.m2\repository\org\apiguardian\apiguardian-api\1.1.2\apiguardian-api-1.1.2.jar;C:\Users\dedie\.m2\repository\org\junit\jupiter\junit-jupiter-params\5.11.0\junit-jupiter-params-5.11.0.jar;C:\Users\dedie\.m2\repository\org\easymock\easymock\5.4.0\easymock-5.4.0.jar;C:\Users\dedie\.m2\repository\org\ow2\asm\asm\9.7\asm-9.7.jar;C:\Users\dedie\.m2\repository\org\objenesis\objenesis\3.4\objenesis-3.4.jar;"/>
    <property name="java.vm.vendor" value="Oracle Corporation"/>
    <property name="sun.arch.data.model" value="64"/>
    <property name="user.variant" value=""/>
    <property name="java.vendor.url" value="https://java.oracle.com/"/>
    <property name="user.timezone" value="Europe/Madrid"/>
    <property name="os.name" value="Windows 11"/>
    <property name="java.vm.specification.version" value="17"/>
    <property name="sun.java.launcher" value="SUN_STANDARD"/>
    <property name="user.country" value="ES"/>
    <property name="sun.boot.library.path" value="C:\Program Files\Java\jdk-17\bin"/>
    <property name="sun.java.command" value="C:\Users\dedie\AppData\Local\Temp\surefire10779140755307560973\surefirebooter-20241224175632168_3.jar C:\Users\dedie\AppData\Local\Temp\surefire10779140755307560973 2024-12-24T17-56-31_538-jvmRun1 surefire-20241224175632168_1tmp surefire_0-20241224175632168_2tmp"/>
    <property name="jdk.debug" value="release"/>
    <property name="surefire.test.class.path" value="C:\Users\dedie\Documents\TDS\PracticaFinal\tds_practica_grupo4\practica-grupo4\target\test-classes;C:\Users\dedie\Documents\TDS\PracticaFinal\tds_practica_grupo4\practica-grupo4\target\classes;C:\Users\dedie\.m2\repository\org\hibernate\hibernate-core\5.6.5.Final\hibernate-core-5.6.5.Final.jar;C:\Users\dedie\.m2\repository\org\jboss\logging\jboss-logging\3.4.3.Final\jboss-logging-3.4.3.Final.jar;C:\Users\dedie\.m2\repository\javax\persistence\javax.persistence-api\2.2\javax.persistence-api-2.2.jar;C:\Users\dedie\.m2\repository\net\bytebuddy\byte-buddy\1.12.7\byte-buddy-1.12.7.jar;C:\Users\dedie\.m2\repository\antlr\antlr\2.7.7\antlr-2.7.7.jar;C:\Users\dedie\.m2\repository\org\jboss\spec\javax\transaction\jboss-transaction-api_1.2_spec\1.1.1.Final\jboss-transaction-api_1.2_spec-1.1.1.Final.jar;C:\Users\dedie\.m2\repository\org\jboss\jandex\2.4.2.Final\jandex-2.4.2.Final.jar;C:\Users\dedie\.m2\repository\com\fasterxml\classmate\1.5.1\classmate-1.5.1.jar;C:\Users\dedie\.m2\repository\javax\activation\javax.activation-api\1.2.0\javax.activation-api-1.2.0.jar;C:\Users\dedie\.m2\repository\org\hibernate\common\hibernate-commons-annotations\5.1.2.Final\hibernate-commons-annotations-5.1.2.Final.jar;C:\Users\dedie\.m2\repository\javax\xml\bind\jaxb-api\2.3.1\jaxb-api-2.3.1.jar;C:\Users\dedie\.m2\repository\org\glassfish\jaxb\jaxb-runtime\2.3.1\jaxb-runtime-2.3.1.jar;C:\Users\dedie\.m2\repository\org\glassfish\jaxb\txw2\2.3.1\txw2-2.3.1.jar;C:\Users\dedie\.m2\repository\com\sun\istack\istack-commons-runtime\3.0.7\istack-commons-runtime-3.0.7.jar;C:\Users\dedie\.m2\repository\org\jvnet\staxex\stax-ex\1.8\stax-ex-1.8.jar;C:\Users\dedie\.m2\repository\com\sun\xml\fastinfoset\FastInfoset\1.2.15\FastInfoset-1.2.15.jar;C:\Users\dedie\.m2\repository\org\hsqldb\hsqldb\2.7.4\hsqldb-2.7.4.jar;C:\Users\dedie\.m2\repository\org\junit\jupiter\junit-jupiter-api\5.11.0\junit-jupiter-api-5.11.0.jar;C:\Users\dedie\.m2\repository\org\opentest4j\opentest4j\1.3.0\opentest4j-1.3.0.jar;C:\Users\dedie\.m2\repository\org\junit\platform\junit-platform-commons\1.11.0\junit-platform-commons-1.11.0.jar;C:\Users\dedie\.m2\repository\org\apiguardian\apiguardian-api\1.1.2\apiguardian-api-1.1.2.jar;C:\Users\dedie\.m2\repository\org\junit\jupiter\junit-jupiter-params\5.11.0\junit-jupiter-params-5.11.0.jar;C:\Users\dedie\.m2\repository\org\easymock\easymock\5.4.0\easymock-5.4.0.jar;C:\Users\dedie\.m2\repository\org\ow2\asm\asm\9.7\asm-9.7.jar;C:\Users\dedie\.m2\repository\org\objenesis\objenesis\3.4\objenesis-3.4.jar;"/>
    <property name="sun.cpu.endian" value="little"/>
    <property name="user.home" value="C:\Users\dedie"/>
    <property name="user.language" value="es"/>
    <property name="java.specification.vendor" value="Oracle Corporation"/>
    <property name="java.version.date" value="2024-07-16"/>
    <property name="java.home" value="C:\Program Files\Java\jdk-17"/>
    <property name="file.separator" value="\"/>
    <property name="basedir" value="C:\Users\dedie\Documents\TDS\PracticaFinal\tds_practica_grupo4\practica-grupo4"/>
    <property name="java.vm.compressedOopsMode" value="Zero based"/>
    <property name="line.separator" value="&#10;"/>
    <property name="java.vm.specification.vendor" value="Oracle Corporation"/>
    <property name="java.specification.name" value="Java Platform API Specification"/>
    <property name="surefire.real.class.path" value="C:\Users\dedie\AppData\Local\Temp\surefire10779140755307560973\surefirebooter-20241224175632168_3.jar"/>
    <property name="user.script" value=""/>
    <property name="sun.management.compiler" value="HotSpot 64-Bit Tiered Compilers"/>
    <property name="java.runtime.version" value="17.0.12+8-LTS-286"/>
    <property name="user.name" value="dediego"/>
    <property name="path.separator" value=";"/>
    <property name="os.version" value="10.0"/>
    <property name="java.runtime.name" value="Java(TM) SE Runtime Environment"/>
    <property name="file.encoding" value="Cp1252"/>
    <property name="java.vm.name" value="Java HotSpot(TM) 64-Bit Server VM"/>
    <property name="localRepository" value="C:\Users\dedie\.m2\repository"/>
    <property name="java.vendor.url.bug" value="https://bugreport.java.com/bugreport/"/>
    <property name="java.io.tmpdir" value="C:\Users\dedie\AppData\Local\Temp\"/>
    <property name="java.version" value="17.0.12"/>
    <property name="user.dir" value="C:\Users\dedie\Documents\TDS\PracticaFinal\tds_practica_grupo4\practica-grupo4"/>
    <property name="os.arch" value="amd64"/>
    <property name="java.vm.specification.name" value="Java Virtual Machine Specification"/>
    <property name="sun.os.patch.level" value=""/>
    <property name="native.encoding" value="Cp1252"/>
    <property name="java.library.path" value="C:\Program Files\Java\jdk-17\bin;C:\WINDOWS\Sun\Java\bin;C:\WINDOWS\system32;C:\WINDOWS;C:\WINDOWS\system32;C:\WINDOWS;C:\WINDOWS\System32\Wbem;C:\WINDOWS\System32\WindowsPowerShell\v1.0\;C:\WINDOWS\System32\OpenSSH\;C:\Program Files (x86)\NVIDIA Corporation\PhysX\Common;C:\Program Files\Git\cmd;C:\Program Files\Java\jdk-17\bin;C:\Program Files\Java\Maven\apache-maven-3.9.9\bin;;C:\Program Files\NVIDIA Corporation\NVIDIA app\NvDLISR;C:\Program Files\Java\jdk-17\bin;C:\Users\dedie\AppData\Local\Programs\Python\Python39;C:\Users\dedie\AppData\Local\Programs\Python\Python39\Scripts;C:\Users\dedie\AppData\Local\Microsoft\WindowsApps;C:\Users\dedie\AppData\Local\Programs\Microsoft VS Code\bin;C:\ghcup\bin;;."/>
    <property name="java.vm.info" value="mixed mode, sharing"/>
    <property name="java.vendor" value="Oracle Corporation"/>
    <property name="java.vm.version" value="17.0.12+8-LTS-286"/>
    <property name="sun.io.unicode.encoding" value="UnicodeLittle"/>
    <property name="java.class.version" value="61.0"/>
  </properties>
  <testcase name="testAddReresrva" classname="uva.tds.base.UsuarioTest" time="0.001"/>
  <testcase name="testConstructoCuandoNifEsNull" classname="uva.tds.base.UsuarioTest" time="0.002"/>
  <testcase name="testEliminarReservaIdNulo" classname="uva.tds.base.UsuarioTest" time="0.001"/>
  <testcase name="testAddRecompensa" classname="uva.tds.base.UsuarioTest" time="0.001"/>
  <testcase name="testNifMayorLimiteSuperior" classname="uva.tds.base.UsuarioTest" time="0.001"/>
  <testcase name="testAddRecompensaNula" classname="uva.tds.base.UsuarioTest" time="0.004"/>
  <testcase name="testNifMenorLimiteInferior" classname="uva.tds.base.UsuarioTest" time="0.002"/>
  <testcase name="testAddRereservaNula" classname="uva.tds.base.UsuarioTest" time="0.002"/>
  <testcase name="testEqualsOtraClase" classname="uva.tds.base.UsuarioTest" time="0.0"/>
  <testcase name="testNombreMenorLimiteInfeior" classname="uva.tds.base.UsuarioTest" time="0.002"/>
  <testcase name="testEliminarReserva" classname="uva.tds.base.UsuarioTest" time="0.002"/>
  <testcase name="testEqualsNulo" classname="uva.tds.base.UsuarioTest" time="0.0"/>
  <testcase name="testAddRecompensaPuntuacionInferior" classname="uva.tds.base.UsuarioTest" time="0.001"/>
  <testcase name="testLimiteSuperior" classname="uva.tds.base.UsuarioTest" time="0.001"/>
  <testcase name="testPuntuacionMenorLimiteInferior" classname="uva.tds.base.UsuarioTest" time="0.003"/>
  <testcase name="testNifLetraMayorLimiteSuperior" classname="uva.tds.base.UsuarioTest" time="0.001"/>
  <testcase name="testAddAlquiler" classname="uva.tds.base.UsuarioTest" time="0.0"/>
  <testcase name="testAddRecompensaInactiva" classname="uva.tds.base.UsuarioTest" time="0.0"/>
  <testcase name="testConstructoCuandoNombreEsNull" classname="uva.tds.base.UsuarioTest" time="0.0"/>
  <testcase name="testNifLetraMenorLimiteInferior" classname="uva.tds.base.UsuarioTest" time="0.001"/>
  <testcase name="testAddRereservaDuplicada" classname="uva.tds.base.UsuarioTest" time="0.0"/>
  <testcase name="testNombreMayorLimiteSuperior" classname="uva.tds.base.UsuarioTest" time="0.003"/>
  <testcase name="testAddAlquilerNulo" classname="uva.tds.base.UsuarioTest" time="0.003"/>
  <testcase name="testLimiteInferior" classname="uva.tds.base.UsuarioTest" time="0.0"/>
  <testcase name="testAlquilerDuplicado" classname="uva.tds.base.UsuarioTest" time="0.003"/>
  <testcase name="testAddRecompensaDuplicada" classname="uva.tds.base.UsuarioTest" time="0.003"/>
</testsuite>